<?xml version="1.0" encoding="utf-8"?><testsuites name="pytest tests"><testsuite name="pytest" errors="0" failures="0" skipped="0" tests="10" time="4.530" timestamp="2026-03-29T04:23:14.393030+00:00" hostname="agent-env-c5ef4905-87f2-42a8-9302-837ad46328fa"><testcase classname="backend.tests.test_bug_fixes_phase7.TestDashboardTrends" name="test_trends_endpoint_returns_data" time="0.462" /><testcase classname="backend.tests.test_bug_fixes_phase7.TestDashboardTrends" name="test_trends_has_activity_data" time="0.449" /><testcase classname="backend.tests.test_bug_fixes_phase7.TestDashboardTrends" name="test_dashboard_stats_endpoint" time="0.440" /><testcase classname="backend.tests.test_bug_fixes_phase7.TestFieldSetsAPI" name="test_get_field_sets" time="0.438" /><testcase classname="backend.tests.test_bug_fixes_phase7.TestFieldSetsAPI" name="test_create_field_set" time="0.433" /><testcase classname="backend.tests.test_bug_fixes_phase7.TestFieldSetsAPI" name="test_field_set_persists" time="0.529" /><testcase classname="backend.tests.test_bug_fixes_phase7.TestRoleBasedAccess" name="test_admin_can_access_admin_endpoints" time="0.420" /><testcase classname="backend.tests.test_bug_fixes_phase7.TestRoleBasedAccess" name="test_caseworker_login" time="0.433" /><testcase classname="backend.tests.test_bug_fixes_phase7.TestRoleBasedAccess" name="test_volunteer_login" time="0.421" /><testcase classname="backend.tests.test_bug_fixes_phase7.TestRoleBasedAccess" name="test_volunteer_cannot_access_admin" time="0.430" /></testsuite></testsuites>