<?xml version="1.0" encoding="utf-8"?><testsuites name="pytest tests"><testsuite name="pytest" errors="0" failures="0" skipped="0" tests="11" time="55.787" timestamp="2026-03-29T05:25:54.332400+00:00" hostname="agent-env-c5ef4905-87f2-42a8-9302-837ad46328fa"><testcase classname="backend.tests.test_ai_features.TestAIFeatures" name="test_ai_copilot_with_client_id_returns_gpt4o_mini" time="7.846" /><testcase classname="backend.tests.test_ai_features.TestAIFeatures" name="test_ai_copilot_without_client_id_returns_helpful_response" time="1.643" /><testcase classname="backend.tests.test_ai_features.TestAIFeatures" name="test_ai_copilot_summarize_action" time="4.521" /><testcase classname="backend.tests.test_ai_features.TestAIFeatures" name="test_ai_copilot_suggest_tags_action" time="1.999" /><testcase classname="backend.tests.test_ai_features.TestAIFeatures" name="test_ai_copilot_next_actions" time="4.030" /><testcase classname="backend.tests.test_ai_features.TestAIFeatures" name="test_ai_copilot_missing_fields" time="1.963" /><testcase classname="backend.tests.test_ai_features.TestAIFeatures" name="test_narrative_report_all_clients" time="26.869" /><testcase classname="backend.tests.test_ai_features.TestAIFeatures" name="test_narrative_report_specific_client" time="3.220" /><testcase classname="backend.tests.test_ai_features.TestAIFeatures" name="test_ai_templates_endpoint" time="0.407" /><testcase classname="backend.tests.test_ai_features.TestAIFeatures" name="test_ai_generate_form" time="1.298" /><testcase classname="backend.tests.test_ai_features.TestAICopilotCaseWorker" name="test_case_worker_can_use_ai_copilot" time="1.872" /></testsuite></testsuites>