<?xml version="1.0" encoding="utf-8"?><testsuites name="pytest tests"><testsuite name="pytest" errors="0" failures="0" skipped="0" tests="27" time="3.490" timestamp="2026-03-29T04:32:53.903847+00:00" hostname="agent-env-c5ef4905-87f2-42a8-9302-837ad46328fa"><testcase classname="backend.tests.test_p1_features.TestDashboardDemographics" name="test_demographics_endpoint_returns_200" time="0.387" /><testcase classname="backend.tests.test_p1_features.TestDashboardDemographics" name="test_demographics_returns_array" time="0.044" /><testcase classname="backend.tests.test_p1_features.TestDashboardDemographics" name="test_demographics_has_categories" time="0.047" /><testcase classname="backend.tests.test_p1_features.TestDashboardDemographics" name="test_demographics_has_age_group" time="0.050" /><testcase classname="backend.tests.test_p1_features.TestDashboardDemographics" name="test_demographics_has_gender" time="0.045" /><testcase classname="backend.tests.test_p1_features.TestDashboardDemographics" name="test_demographics_items_have_label_and_count" time="0.044" /><testcase classname="backend.tests.test_p1_features.TestClientFiltering" name="test_clients_list_returns_200" time="0.379" /><testcase classname="backend.tests.test_p1_features.TestClientFiltering" name="test_filter_active_clients" time="0.045" /><testcase classname="backend.tests.test_p1_features.TestClientFiltering" name="test_filter_pending_clients" time="0.048" /><testcase classname="backend.tests.test_p1_features.TestClientFiltering" name="test_search_by_name" time="0.045" /><testcase classname="backend.tests.test_p1_features.TestClientFiltering" name="test_search_by_email" time="0.043" /><testcase classname="backend.tests.test_p1_features.TestClientFiltering" name="test_search_by_phone" time="0.049" /><testcase classname="backend.tests.test_p1_features.TestClientFiltering" name="test_date_from_filter" time="0.047" /><testcase classname="backend.tests.test_p1_features.TestClientFiltering" name="test_date_to_filter" time="0.048" /><testcase classname="backend.tests.test_p1_features.TestDuplicateClientDetection" name="test_check_duplicate_endpoint_exists" time="0.374" /><testcase classname="backend.tests.test_p1_features.TestDuplicateClientDetection" name="test_check_duplicate_returns_structure" time="0.048" /><testcase classname="backend.tests.test_p1_features.TestDuplicateClientDetection" name="test_check_duplicate_detects_email_match" time="0.088" /><testcase classname="backend.tests.test_p1_features.TestDuplicateClientDetection" name="test_check_duplicate_detects_phone_match" time="0.097" /><testcase classname="backend.tests.test_p1_features.TestDuplicateClientDetection" name="test_no_duplicate_for_new_contact" time="0.049" /><testcase classname="backend.tests.test_p1_features.TestVisitConflictDetection" name="test_check_conflicts_endpoint_exists" time="0.470" /><testcase classname="backend.tests.test_p1_features.TestVisitConflictDetection" name="test_check_conflicts_returns_structure" time="0.106" /><testcase classname="backend.tests.test_p1_features.TestVisitConflictDetection" name="test_conflict_detection_with_overlapping_visit" time="0.162" /><testcase classname="backend.tests.test_p1_features.TestVisitConflictDetection" name="test_no_conflict_for_different_time" time="0.108" /><testcase classname="backend.tests.test_p1_features.TestCaseWorkerAccess" name="test_caseworker_can_access_demographics" time="0.365" /><testcase classname="backend.tests.test_p1_features.TestCaseWorkerAccess" name="test_caseworker_can_filter_clients" time="0.046" /><testcase classname="backend.tests.test_p1_features.TestCaseWorkerAccess" name="test_caseworker_can_check_duplicates" time="0.047" /><testcase classname="backend.tests.test_p1_features.TestCaseWorkerAccess" name="test_caseworker_can_check_conflicts" time="0.092" /></testsuite></testsuites>