<?xml version="1.0" encoding="utf-8"?><testsuites name="pytest tests"><testsuite name="pytest" errors="0" failures="0" skipped="0" tests="12" time="4.630" timestamp="2026-03-29T06:03:59.958988+00:00" hostname="agent-env-c5ef4905-87f2-42a8-9302-837ad46328fa"><testcase classname="backend.tests.test_vocab_fieldsets_client_edit.TestVocabularyAccess" name="test_admin_can_access_vocabulary" time="0.446" /><testcase classname="backend.tests.test_vocab_fieldsets_client_edit.TestVocabularyAccess" name="test_caseworker_can_access_vocabulary" time="0.434" /><testcase classname="backend.tests.test_vocab_fieldsets_client_edit.TestVocabularyAccess" name="test_volunteer_can_access_vocabulary" time="0.455" /><testcase classname="backend.tests.test_vocab_fieldsets_client_edit.TestFieldSetsAccess" name="test_admin_can_access_field_sets" time="0.427" /><testcase classname="backend.tests.test_vocab_fieldsets_client_edit.TestFieldSetsAccess" name="test_caseworker_can_access_field_sets" time="0.428" /><testcase classname="backend.tests.test_vocab_fieldsets_client_edit.TestFieldSetsAccess" name="test_volunteer_can_access_field_sets" time="0.447" /><testcase classname="backend.tests.test_vocab_fieldsets_client_edit.TestClientEditWithDemographicsAndCustomFields" name="test_patch_client_with_demographics" time="0.526" /><testcase classname="backend.tests.test_vocab_fieldsets_client_edit.TestClientEditWithDemographicsAndCustomFields" name="test_patch_client_with_custom_fields" time="0.099" /><testcase classname="backend.tests.test_vocab_fieldsets_client_edit.TestClientEditWithDemographicsAndCustomFields" name="test_patch_client_with_all_fields" time="0.108" /><testcase classname="backend.tests.test_vocab_fieldsets_client_edit.TestClientEditWithDemographicsAndCustomFields" name="test_get_client_verifies_persistence" time="0.101" /><testcase classname="backend.tests.test_vocab_fieldsets_client_edit.TestVocabularyUpdate" name="test_admin_can_update_vocabulary" time="0.543" /><testcase classname="backend.tests.test_vocab_fieldsets_client_edit.TestFieldSetUpdate" name="test_admin_can_create_field_set" time="0.534" /></testsuite></testsuites>