<?xml version="1.0" encoding="utf-8"?><testsuites name="pytest tests"><testsuite name="pytest" errors="0" failures="0" skipped="0" tests="8" time="4.822" timestamp="2026-03-29T05:12:34.779927+00:00" hostname="agent-env-c5ef4905-87f2-42a8-9302-837ad46328fa"><testcase classname="backend.tests.test_demo_clear_seed.TestDemoEndpoints" name="test_demo_seed_returns_200" time="0.525" /><testcase classname="backend.tests.test_demo_clear_seed.TestDemoEndpoints" name="test_demo_seed_response_structure" time="0.488" /><testcase classname="backend.tests.test_demo_clear_seed.TestDemoEndpoints" name="test_demo_seed_creates_demo_users" time="0.516" /><testcase classname="backend.tests.test_demo_clear_seed.TestDemoEndpoints" name="test_demo_clear_returns_200" time="0.489" /><testcase classname="backend.tests.test_demo_clear_seed.TestDemoEndpoints" name="test_demo_clear_response_structure" time="0.624" /><testcase classname="backend.tests.test_demo_clear_seed.TestDemoEndpoints" name="test_demo_clear_actually_clears_data" time="0.594" /><testcase classname="backend.tests.test_demo_clear_seed.TestDemoEndpoints" name="test_demo_seed_denied_for_non_admin" time="0.747" /><testcase classname="backend.tests.test_demo_clear_seed.TestDemoEndpoints" name="test_demo_clear_denied_for_non_admin" time="0.762" /></testsuite></testsuites>