<?xml version="1.0" encoding="utf-8"?><testsuites name="pytest tests"><testsuite name="pytest" errors="0" failures="0" skipped="0" tests="23" time="3.432" timestamp="2026-03-29T04:48:53.439706+00:00" hostname="agent-env-c5ef4905-87f2-42a8-9302-837ad46328fa"><testcase classname="backend.tests.test_r27_r35_r5_features.TestDashboardCSVExport" name="test_dashboard_csv_returns_200_for_admin" time="0.444" /><testcase classname="backend.tests.test_r27_r35_r5_features.TestDashboardCSVExport" name="test_dashboard_csv_content_type_is_csv" time="0.052" /><testcase classname="backend.tests.test_r27_r35_r5_features.TestDashboardCSVExport" name="test_dashboard_csv_has_attachment_header" time="0.047" /><testcase classname="backend.tests.test_r27_r35_r5_features.TestDashboardCSVExport" name="test_dashboard_csv_contains_summary_section" time="0.046" /><testcase classname="backend.tests.test_r27_r35_r5_features.TestDashboardCSVExport" name="test_dashboard_csv_contains_daily_trends" time="0.056" /><testcase classname="backend.tests.test_r27_r35_r5_features.TestDashboardCSVExport" name="test_dashboard_csv_denied_for_caseworker" time="0.375" /><testcase classname="backend.tests.test_r27_r35_r5_features.TestDashboardCSVExport" name="test_dashboard_csv_denied_for_volunteer" time="0.360" /><testcase classname="backend.tests.test_r27_r35_r5_features.TestAINarrativeReports" name="test_narrative_endpoint_exists" time="0.220" /><testcase classname="backend.tests.test_r27_r35_r5_features.TestAINarrativeReports" name="test_narrative_all_clients_returns_200" time="0.106" /><testcase classname="backend.tests.test_r27_r35_r5_features.TestAINarrativeReports" name="test_narrative_response_structure" time="0.098" /><testcase classname="backend.tests.test_r27_r35_r5_features.TestAINarrativeReports" name="test_narrative_specific_clients" time="0.110" /><testcase classname="backend.tests.test_r27_r35_r5_features.TestAINarrativeReports" name="test_narrative_multiple_specific_clients" time="0.109" /><testcase classname="backend.tests.test_r27_r35_r5_features.TestAINarrativeReports" name="test_narrative_denied_for_caseworker" time="0.049" /><testcase classname="backend.tests.test_r27_r35_r5_features.TestAINarrativeReports" name="test_narrative_denied_for_volunteer" time="0.042" /><testcase classname="backend.tests.test_r27_r35_r5_features.TestServiceLog72HourEditWindow" name="test_services_list_has_editable_field" time="0.093" /><testcase classname="backend.tests.test_r27_r35_r5_features.TestServiceLog72HourEditWindow" name="test_create_new_service_is_editable" time="0.101" /><testcase classname="backend.tests.test_r27_r35_r5_features.TestServiceLog72HourEditWindow" name="test_edit_new_service_succeeds" time="0.135" /><testcase classname="backend.tests.test_r27_r35_r5_features.TestServiceLog72HourEditWindow" name="test_old_service_is_not_editable" time="0.090" /><testcase classname="backend.tests.test_r27_r35_r5_features.TestServiceLog72HourEditWindow" name="test_edit_old_service_fails_with_403" time="0.131" /><testcase classname="backend.tests.test_r27_r35_r5_features.TestServiceLog72HourEditWindow" name="test_caseworker_can_create_service" time="0.097" /><testcase classname="backend.tests.test_r27_r35_r5_features.TestServiceLog72HourEditWindow" name="test_volunteer_cannot_create_service" time="0.129" /><testcase classname="backend.tests.test_r27_r35_r5_features.TestReportsPageAccess" name="test_admin_can_access_all_report_endpoints" time="0.336" /><testcase classname="backend.tests.test_r27_r35_r5_features.TestReportsPageAccess" name="test_caseworker_denied_admin_reports" time="0.104" /></testsuite></testsuites>