<?xml version="1.0" encoding="utf-8"?><testsuites name="pytest tests"><testsuite name="pytest" errors="0" failures="0" skipped="0" tests="36" time="49.804" timestamp="2026-03-29T03:37:58.115197+00:00" hostname="agent-env-c5ef4905-87f2-42a8-9302-837ad46328fa"><testcase classname="backend.tests.test_phase5_features.TestHealthAndAuth" name="test_health_endpoint" time="0.126" /><testcase classname="backend.tests.test_phase5_features.TestHealthAndAuth" name="test_admin_login" time="0.335" /><testcase classname="backend.tests.test_phase5_features.TestHealthAndAuth" name="test_login_invalid_credentials" time="0.323" /><testcase classname="backend.tests.test_phase5_features.TestDashboard" name="test_dashboard_stats" time="0.465" /><testcase classname="backend.tests.test_phase5_features.TestDashboard" name="test_dashboard_trends" time="0.427" /><testcase classname="backend.tests.test_phase5_features.TestDashboard" name="test_dashboard_outcomes" time="0.439" /><testcase classname="backend.tests.test_phase5_features.TestDashboard" name="test_dashboard_activity" time="0.445" /><testcase classname="backend.tests.test_phase5_features.TestReportsCSV" name="test_export_clients_csv" time="0.412" /><testcase classname="backend.tests.test_phase5_features.TestReportsCSV" name="test_export_services_csv" time="0.435" /><testcase classname="backend.tests.test_phase5_features.TestReportsCSV" name="test_export_visits_csv" time="0.428" /><testcase classname="backend.tests.test_phase5_features.TestReportsCSV" name="test_export_outcomes_csv" time="0.441" /><testcase classname="backend.tests.test_phase5_features.TestReportsCSV" name="test_export_payments_csv" time="0.436" /><testcase classname="backend.tests.test_phase5_features.TestReportsCSV" name="test_export_invalid_type" time="0.463" /><testcase classname="backend.tests.test_phase5_features.TestReportsPDF" name="test_org_pdf_report" time="1.144" /><testcase classname="backend.tests.test_phase5_features.TestReportsPDF" name="test_client_pdf_report" time="0.682" /><testcase classname="backend.tests.test_phase5_features.TestReportsPDF" name="test_client_pdf_not_found" time="0.733" /><testcase classname="backend.tests.test_phase5_features.TestNotifications" name="test_list_notifications" time="0.427" /><testcase classname="backend.tests.test_phase5_features.TestNotifications" name="test_unread_count" time="0.412" /><testcase classname="backend.tests.test_phase5_features.TestNotifications" name="test_mark_all_read" time="0.437" /><testcase classname="backend.tests.test_phase5_features.TestNotifications" name="test_mark_single_read" time="0.532" /><testcase classname="backend.tests.test_phase5_features.TestMessages" name="test_list_messages" time="0.435" /><testcase classname="backend.tests.test_phase5_features.TestMessages" name="test_unread_messages_count" time="0.436" /><testcase classname="backend.tests.test_phase5_features.TestMessages" name="test_send_message_to_self" time="0.425" /><testcase classname="backend.tests.test_phase5_features.TestMessages" name="test_get_message_detail" time="0.539" /><testcase classname="backend.tests.test_phase5_features.TestMessages" name="test_reply_to_message" time="19.874" /><testcase classname="backend.tests.test_phase5_features.TestMessages" name="test_send_message_invalid_recipient" time="0.419" /><testcase classname="backend.tests.test_phase5_features.TestPayments" name="test_create_payment_request" time="7.679" /><testcase classname="backend.tests.test_phase5_features.TestPayments" name="test_list_payment_requests" time="0.432" /><testcase classname="backend.tests.test_phase5_features.TestPayments" name="test_update_payment_status" time="6.746" /><testcase classname="backend.tests.test_phase5_features.TestPayments" name="test_payment_summary" time="0.483" /><testcase classname="backend.tests.test_phase5_features.TestPayments" name="test_payment_history" time="0.439" /><testcase classname="backend.tests.test_phase5_features.TestClientsRegression" name="test_list_clients" time="0.448" /><testcase classname="backend.tests.test_phase5_features.TestClientsRegression" name="test_create_client" time="0.431" /><testcase classname="backend.tests.test_phase5_features.TestClientsRegression" name="test_client_wizard" time="0.434" /><testcase classname="backend.tests.test_phase5_features.TestDemoMode" name="test_seed_demo_data" time="0.484" /><testcase classname="backend.tests.test_phase5_features.TestDemoMode" name="test_clear_demo_data" time="0.429" /></testsuite></testsuites>