<?xml version="1.0" encoding="utf-8"?><testsuites name="pytest tests"><testsuite name="pytest" errors="0" failures="0" skipped="0" tests="14" time="4.161" timestamp="2026-03-29T03:12:26.337889+00:00" hostname="agent-env-c5ef4905-87f2-42a8-9302-837ad46328fa"><testcase classname="backend.tests.test_phase4_features.TestAuth" name="test_admin_login" time="0.416" /><testcase classname="backend.tests.test_phase4_features.TestClientWizard" name="test_wizard_create_client_minimal" time="0.385" /><testcase classname="backend.tests.test_phase4_features.TestClientWizard" name="test_wizard_create_client_full" time="0.149" /><testcase classname="backend.tests.test_phase4_features.TestClientWizard" name="test_wizard_requires_first_name" time="0.052" /><testcase classname="backend.tests.test_phase4_features.TestPaymentRequests" name="test_create_payment_request" time="0.403" /><testcase classname="backend.tests.test_phase4_features.TestPaymentRequests" name="test_list_payment_requests" time="0.047" /><testcase classname="backend.tests.test_phase4_features.TestPaymentRequests" name="test_update_payment_request_status" time="0.144" /><testcase classname="backend.tests.test_phase4_features.TestPaymentRequests" name="test_update_payment_request_to_overdue" time="0.095" /><testcase classname="backend.tests.test_phase4_features.TestPaymentRequests" name="test_cancel_payment_request" time="0.098" /><testcase classname="backend.tests.test_phase4_features.TestDemoMode" name="test_seed_demo_data" time="0.871" /><testcase classname="backend.tests.test_phase4_features.TestDemoMode" name="test_clear_demo_data" time="0.143" /><testcase classname="backend.tests.test_phase4_features.TestPaymentHistory" name="test_get_payment_history" time="0.388" /><testcase classname="backend.tests.test_phase4_features.TestSubscriptionPackages" name="test_checkout_basic_package" time="0.826" /><testcase classname="backend.tests.test_phase4_features.TestSubscriptionPackages" name="test_checkout_invalid_package" time="0.044" /></testsuite></testsuites>