<?xml version="1.0" encoding="utf-8"?><testsuites name="pytest tests"><testsuite name="pytest" errors="0" failures="0" skipped="0" tests="15" time="7.082" timestamp="2026-03-29T04:04:54.398155+00:00" hostname="agent-env-c5ef4905-87f2-42a8-9302-837ad46328fa"><testcase classname="backend.tests.test_phase6_rbac_email.TestRBACSystem" name="test_get_all_permissions" time="0.384" /><testcase classname="backend.tests.test_phase6_rbac_email.TestRBACSystem" name="test_get_roles_list" time="0.455" /><testcase classname="backend.tests.test_phase6_rbac_email.TestRBACSystem" name="test_update_role_permissions" time="0.485" /><testcase classname="backend.tests.test_phase6_rbac_email.TestRBACSystem" name="test_reset_role_permissions" time="0.472" /><testcase classname="backend.tests.test_phase6_rbac_email.TestRBACSystem" name="test_get_user_permissions" time="0.475" /><testcase classname="backend.tests.test_phase6_rbac_email.TestRBACSystem" name="test_invalid_permission_rejected" time="0.388" /><testcase classname="backend.tests.test_phase6_rbac_email.TestEmailSettings" name="test_get_email_settings" time="0.368" /><testcase classname="backend.tests.test_phase6_rbac_email.TestClearDataBugFix" name="test_seed_then_clear_preserves_demo_users" time="1.090" /><testcase classname="backend.tests.test_phase6_rbac_email.TestDemoUserRoles" name="test_caseworker_login_and_access" time="0.448" /><testcase classname="backend.tests.test_phase6_rbac_email.TestDemoUserRoles" name="test_volunteer_login_and_restrictions" time="0.489" /><testcase classname="backend.tests.test_phase6_rbac_email.TestRegressionAPIs" name="test_dashboard_stats" time="0.388" /><testcase classname="backend.tests.test_phase6_rbac_email.TestRegressionAPIs" name="test_clients_list" time="0.360" /><testcase classname="backend.tests.test_phase6_rbac_email.TestRegressionAPIs" name="test_notifications_list" time="0.379" /><testcase classname="backend.tests.test_phase6_rbac_email.TestRegressionAPIs" name="test_messages_list" time="0.425" /><testcase classname="backend.tests.test_phase6_rbac_email.TestRegressionAPIs" name="test_payments_requests" time="0.380" /></testsuite></testsuites>